<?xml version="1.0" encoding="UTF-8"?>
<testng-results skipped="0" failed="0" ignored="0" total="3" passed="3">
  <reporter-output>
  </reporter-output>
  <suite name="Suite1" duration-ms="43665" started-at="2019-11-11T17:07:43 IST" finished-at="2019-11-11T17:08:27 IST">
    <groups>
    </groups>
    <test name="Test" duration-ms="43665" started-at="2019-11-11T17:07:43 IST" finished-at="2019-11-11T17:08:27 IST">
      <class name="testsuite.NewTest">
        <test-method status="PASS" signature="f(java.lang.String, java.lang.String)[pri:0, instance:testsuite.NewTest@131276c2]" name="f" duration-ms="15488" started-at="2019-11-11T17:07:44 IST" data-provider="dp" finished-at="2019-11-11T17:08:00 IST">
          <params>
            <param index="0">
              <value>
                <![CDATA[Chrome]]>
              </value>
            </param>
            <param index="1">
              <value>
                <![CDATA[https://flipkart.com]]>
              </value>
            </param>
          </params>
          <reporter-output>
          </reporter-output>
        </test-method> <!-- f -->
        <test-method status="PASS" signature="f(java.lang.String, java.lang.String)[pri:0, instance:testsuite.NewTest@131276c2]" name="f" duration-ms="10712" started-at="2019-11-11T17:08:00 IST" data-provider="dp" finished-at="2019-11-11T17:08:10 IST">
          <params>
            <param index="0">
              <value>
                <![CDATA[Opera]]>
              </value>
            </param>
            <param index="1">
              <value>
                <![CDATA[https://amazon.com]]>
              </value>
            </param>
          </params>
          <reporter-output>
          </reporter-output>
        </test-method> <!-- f -->
        <test-method status="PASS" signature="f(java.lang.String, java.lang.String)[pri:0, instance:testsuite.NewTest@131276c2]" name="f" duration-ms="16551" started-at="2019-11-11T17:08:10 IST" data-provider="dp" finished-at="2019-11-11T17:08:27 IST">
          <params>
            <param index="0">
              <value>
                <![CDATA[Firefox]]>
              </value>
            </param>
            <param index="1">
              <value>
                <![CDATA[https://google.com]]>
              </value>
            </param>
          </params>
          <reporter-output>
          </reporter-output>
        </test-method> <!-- f -->
      </class> <!-- testsuite.NewTest -->
    </test> <!-- Test -->
  </suite> <!-- Suite1 -->
</testng-results>
