<?xml version="1.0" encoding="UTF-8"?>
<testng-results skipped="0" failed="0" ignored="0" total="3" passed="3">
  <reporter-output>
  </reporter-output>
  <suite name="Suite" duration-ms="36551" started-at="2019-11-09T12:51:42Z" finished-at="2019-11-09T12:52:19Z">
    <groups>
    </groups>
    <test name="Test" duration-ms="36551" started-at="2019-11-09T12:51:42Z" finished-at="2019-11-09T12:52:19Z">
      <class name="testsuite.NewTest">
        <test-method status="PASS" signature="f(java.lang.String, java.lang.String)[pri:0, instance:testsuite.NewTest@754ba872]" name="f" duration-ms="11310" started-at="2019-11-09T12:51:43Z" data-provider="dp" finished-at="2019-11-09T12:51:54Z">
          <params>
            <param index="0">
              <value>
                <![CDATA[Chrome]]>
              </value>
            </param>
            <param index="1">
              <value>
                <![CDATA[https://flipkart.com]]>
              </value>
            </param>
          </params>
          <reporter-output>
          </reporter-output>
        </test-method> <!-- f -->
        <test-method status="PASS" signature="f(java.lang.String, java.lang.String)[pri:0, instance:testsuite.NewTest@754ba872]" name="f" duration-ms="12929" started-at="2019-11-09T12:51:54Z" data-provider="dp" finished-at="2019-11-09T12:52:07Z">
          <params>
            <param index="0">
              <value>
                <![CDATA[Firefox]]>
              </value>
            </param>
            <param index="1">
              <value>
                <![CDATA[https://amazon.com]]>
              </value>
            </param>
          </params>
          <reporter-output>
          </reporter-output>
        </test-method> <!-- f -->
        <test-method status="PASS" signature="f(java.lang.String, java.lang.String)[pri:0, instance:testsuite.NewTest@754ba872]" name="f" duration-ms="11565" started-at="2019-11-09T12:52:07Z" data-provider="dp" finished-at="2019-11-09T12:52:19Z">
          <params>
            <param index="0">
              <value>
                <![CDATA[Firefox]]>
              </value>
            </param>
            <param index="1">
              <value>
                <![CDATA[https://google.com]]>
              </value>
            </param>
          </params>
          <reporter-output>
          </reporter-output>
        </test-method> <!-- f -->
      </class> <!-- testsuite.NewTest -->
    </test> <!-- Test -->
  </suite> <!-- Suite -->
</testng-results>
